<?xml version="1.0" encoding="utf-8"?><testsuites name="pytest tests"><testsuite name="pytest" errors="0" failures="0" skipped="0" tests="13" time="2.322" timestamp="2025-12-11T15:55:57.599626+05:30" hostname="DESKTOP-AO79MD1"><testcase classname="tests.unit.test_circuit_breaker_mocked.TestCircuitBreaker" name="test_check_concurrent_orders_fail" time="0.228" /><testcase classname="tests.unit.test_circuit_breaker_mocked.TestCircuitBreaker" name="test_check_concurrent_orders_ok" time="0.174" /><testcase classname="tests.unit.test_circuit_breaker_mocked.TestCircuitBreaker" name="test_check_error_rate_not_enough_data" time="0.174" /><testcase classname="tests.unit.test_circuit_breaker_mocked.TestCircuitBreaker" name="test_check_market_regime_fail" time="0.201" /><testcase classname="tests.unit.test_circuit_breaker_mocked.TestCircuitBreaker" name="test_check_market_regime_ok" time="0.171" /><testcase classname="tests.unit.test_circuit_breaker_mocked.TestCircuitBreaker" name="test_check_pnl_health_fail" time="0.172" /><testcase classname="tests.unit.test_circuit_breaker_mocked.TestCircuitBreaker" name="test_check_pnl_health_ok" time="0.191" /><testcase classname="tests.unit.test_circuit_breaker_mocked.TestCircuitBreaker" name="test_check_signal_rate_exceeded" time="0.118" /><testcase classname="tests.unit.test_circuit_breaker_mocked.TestCircuitBreaker" name="test_check_signal_rate_ok" time="0.119" /><testcase classname="tests.unit.test_circuit_breaker_mocked.TestCircuitBreaker" name="test_check_slippage_health_fail" time="0.174" /><testcase classname="tests.unit.test_circuit_breaker_mocked.TestCircuitBreaker" name="test_check_slippage_health_ok" time="0.117" /><testcase classname="tests.unit.test_circuit_breaker_mocked.TestCircuitBreaker" name="test_pause_all_active_automations" time="0.121" /><testcase classname="tests.unit.test_circuit_breaker_mocked.TestCircuitBreaker" name="test_trigger_pause" time="0.193" /></testsuite></testsuites>